************* Module average_errors
W0311:  7: Bad indentation. Found 6 spaces, expected 8
W0311: 13: Bad indentation. Found 15 spaces, expected 16
W0311: 14: Bad indentation. Found 15 spaces, expected 16
W0311: 16: Bad indentation. Found 15 spaces, expected 16
W0311: 17: Bad indentation. Found 15 spaces, expected 16
W0311: 18: Bad indentation. Found 15 spaces, expected 16
C0111:  1: Missing docstring
W0621: 17:average: Redefining name 'average' from outer scope (line 3)
C0111:  3:average: Missing docstring
E0602: 11:average: Undefined variable 'result_path'
W0612:  8:average: Unused variable 'result'
W0613:  3:average: Unused argument 'dir_path'
W0611:  1: Unused import sys

Report
======
18 statements analysed.

Statistics by type
------------------

+---------+-------+-----------+-----------+------------+---------+
|type     |number |old number |difference |%documented |%badname |
+=========+=======+===========+===========+============+=========+
|module   |1      |NC         |NC         |0.00        |0.00     |
+---------+-------+-----------+-----------+------------+---------+
|class    |0      |NC         |NC         |0           |0        |
+---------+-------+-----------+-----------+------------+---------+
|method   |0      |NC         |NC         |0           |0        |
+---------+-------+-----------+-----------+------------+---------+
|function |1      |NC         |NC         |0.00        |0.00     |
+---------+-------+-----------+-----------+------------+---------+

Duplication
-----------

+-------------------------+------+---------+-----------+
|                         |now   |previous |difference |
+=========================+======+=========+===========+
|nb duplicated lines      |0     |NC       |NC         |
+-------------------------+------+---------+-----------+
|percent duplicated lines |0.000 |NC       |NC         |
+-------------------------+------+---------+-----------+

Messages by category
--------------------

+-----------+-------+---------+-----------+
|type       |number |previous |difference |
+===========+=======+=========+===========+
|convention |2      |NC       |NC         |
+-----------+-------+---------+-----------+
|refactor   |0      |NC       |NC         |
+-----------+-------+---------+-----------+
|warning    |10     |NC       |NC         |
+-----------+-------+---------+-----------+
|error      |1      |NC       |NC         |
+-----------+-------+---------+-----------+

Messages
--------

+-----------+------------+
|message id |occurrences |
+===========+============+
|W0311      |6           |
+-----------+------------+
|C0111      |2           |
+-----------+------------+
|W0621      |1           |
+-----------+------------+
|W0613      |1           |
+-----------+------------+
|W0612      |1           |
+-----------+------------+
|W0611      |1           |
+-----------+------------+
|E0602      |1           |
+-----------+------------+

Global evaluation
-----------------
Your code has been rated at 0.56/10

Raw metrics
-----------

+----------+-------+-------+---------+-----------+
|type      |number |%      |previous |difference |
+==========+=======+=======+=========+===========+
|code      |18     |100.00 |NC       |NC         |
+----------+-------+-------+---------+-----------+
|docstring |0      |0.00   |NC       |NC         |
+----------+-------+-------+---------+-----------+
|comment   |0      |0.00   |NC       |NC         |
+----------+-------+-------+---------+-----------+
|empty     |0      |0.00   |NC       |NC         |
+----------+-------+-------+---------+-----------+
